<?xml version="1.0" encoding="UTF-8"?>
<testsuite xmlns:xsi="http://www.w3.org/2001/XMLSchema-instance" xsi:noNamespaceSchemaLocation="https://maven.apache.org/surefire/maven-surefire-plugin/xsd/surefire-test-report.xsd" name="com.zhangd.music.MusicApplicationTests" time="5.406" tests="1" errors="0" skipped="0" failures="0">
  <properties>
    <property name="sun.desktop" value="windows"/>
    <property name="awt.toolkit" value="sun.awt.windows.WToolkit"/>
    <property name="file.encoding.pkg" value="sun.io"/>
    <property name="java.specification.version" value="1.8"/>
    <property name="sun.cpu.isalist" value="amd64"/>
    <property name="sun.jnu.encoding" value="GBK"/>
    <property name="java.class.path" value="E:\IdeaFiles\QZiMusic\target\test-classes;E:\IdeaFiles\QZiMusic\target\classes;D:\Maven3.6.1\apache-maven-3.6.1\localRepository\org\springframework\boot\spring-boot-starter-web\2.2.6.RELEASE\spring-boot-starter-web-2.2.6.RELEASE.jar;D:\Maven3.6.1\apache-maven-3.6.1\localRepository\org\springframework\boot\spring-boot-starter\2.5.2\spring-boot-starter-2.5.2.jar;D:\Maven3.6.1\apache-maven-3.6.1\localRepository\org\springframework\boot\spring-boot-starter-logging\2.5.2\spring-boot-starter-logging-2.5.2.jar;D:\Maven3.6.1\apache-maven-3.6.1\localRepository\ch\qos\logback\logback-classic\1.2.3\logback-classic-1.2.3.jar;D:\Maven3.6.1\apache-maven-3.6.1\localRepository\ch\qos\logback\logback-core\1.2.3\logback-core-1.2.3.jar;D:\Maven3.6.1\apache-maven-3.6.1\localRepository\org\apache\logging\log4j\log4j-to-slf4j\2.14.1\log4j-to-slf4j-2.14.1.jar;D:\Maven3.6.1\apache-maven-3.6.1\localRepository\org\apache\logging\log4j\log4j-api\2.14.1\log4j-api-2.14.1.jar;D:\Maven3.6.1\apache-maven-3.6.1\localRepository\org\slf4j\jul-to-slf4j\1.7.31\jul-to-slf4j-1.7.31.jar;D:\Maven3.6.1\apache-maven-3.6.1\localRepository\jakarta\annotation\jakarta.annotation-api\1.3.5\jakarta.annotation-api-1.3.5.jar;D:\Maven3.6.1\apache-maven-3.6.1\localRepository\org\yaml\snakeyaml\1.28\snakeyaml-1.28.jar;D:\Maven3.6.1\apache-maven-3.6.1\localRepository\org\springframework\boot\spring-boot-starter-json\2.5.2\spring-boot-starter-json-2.5.2.jar;D:\Maven3.6.1\apache-maven-3.6.1\localRepository\com\fasterxml\jackson\datatype\jackson-datatype-jdk8\2.12.3\jackson-datatype-jdk8-2.12.3.jar;D:\Maven3.6.1\apache-maven-3.6.1\localRepository\com\fasterxml\jackson\datatype\jackson-datatype-jsr310\2.12.3\jackson-datatype-jsr310-2.12.3.jar;D:\Maven3.6.1\apache-maven-3.6.1\localRepository\com\fasterxml\jackson\module\jackson-module-parameter-names\2.12.3\jackson-module-parameter-names-2.12.3.jar;D:\Maven3.6.1\apache-maven-3.6.1\localRepository\org\springframework\boot\spring-boot-starter-tomcat\2.5.2\spring-boot-starter-tomcat-2.5.2.jar;D:\Maven3.6.1\apache-maven-3.6.1\localRepository\org\apache\tomcat\embed\tomcat-embed-core\9.0.48\tomcat-embed-core-9.0.48.jar;D:\Maven3.6.1\apache-maven-3.6.1\localRepository\org\apache\tomcat\embed\tomcat-embed-el\9.0.48\tomcat-embed-el-9.0.48.jar;D:\Maven3.6.1\apache-maven-3.6.1\localRepository\org\apache\tomcat\embed\tomcat-embed-websocket\9.0.48\tomcat-embed-websocket-9.0.48.jar;D:\Maven3.6.1\apache-maven-3.6.1\localRepository\org\springframework\boot\spring-boot-starter-validation\2.5.2\spring-boot-starter-validation-2.5.2.jar;D:\Maven3.6.1\apache-maven-3.6.1\localRepository\org\hibernate\validator\hibernate-validator\6.2.0.Final\hibernate-validator-6.2.0.Final.jar;D:\Maven3.6.1\apache-maven-3.6.1\localRepository\jakarta\validation\jakarta.validation-api\2.0.2\jakarta.validation-api-2.0.2.jar;D:\Maven3.6.1\apache-maven-3.6.1\localRepository\org\springframework\spring-web\5.3.8\spring-web-5.3.8.jar;D:\Maven3.6.1\apache-maven-3.6.1\localRepository\org\springframework\spring-beans\5.3.8\spring-beans-5.3.8.jar;D:\Maven3.6.1\apache-maven-3.6.1\localRepository\org\springframework\spring-webmvc\5.3.8\spring-webmvc-5.3.8.jar;D:\Maven3.6.1\apache-maven-3.6.1\localRepository\org\springframework\spring-aop\5.3.8\spring-aop-5.3.8.jar;D:\Maven3.6.1\apache-maven-3.6.1\localRepository\org\springframework\spring-context\5.3.8\spring-context-5.3.8.jar;D:\Maven3.6.1\apache-maven-3.6.1\localRepository\org\springframework\spring-expression\5.3.8\spring-expression-5.3.8.jar;D:\Maven3.6.1\apache-maven-3.6.1\localRepository\com\alibaba\druid\1.1.10\druid-1.1.10.jar;D:\Maven3.6.1\apache-maven-3.6.1\localRepository\org\springframework\boot\spring-boot-starter-jdbc\2.2.6.RELEASE\spring-boot-starter-jdbc-2.2.6.RELEASE.jar;D:\Maven3.6.1\apache-maven-3.6.1\localRepository\com\zaxxer\HikariCP\4.0.3\HikariCP-4.0.3.jar;D:\Maven3.6.1\apache-maven-3.6.1\localRepository\org\springframework\spring-jdbc\5.3.8\spring-jdbc-5.3.8.jar;D:\Maven3.6.1\apache-maven-3.6.1\localRepository\org\springframework\spring-tx\5.3.8\spring-tx-5.3.8.jar;D:\Maven3.6.1\apache-maven-3.6.1\localRepository\org\apache\commons\commons-lang3\3.5\commons-lang3-3.5.jar;D:\Maven3.6.1\apache-maven-3.6.1\localRepository\com\alibaba\fastjson\1.2.47\fastjson-1.2.47.jar;D:\Maven3.6.1\apache-maven-3.6.1\localRepository\org\springframework\boot\spring-boot-starter-data-jpa\2.5.2\spring-boot-starter-data-jpa-2.5.2.jar;D:\Maven3.6.1\apache-maven-3.6.1\localRepository\org\springframework\boot\spring-boot-starter-aop\2.5.2\spring-boot-starter-aop-2.5.2.jar;D:\Maven3.6.1\apache-maven-3.6.1\localRepository\org\aspectj\aspectjweaver\1.9.6\aspectjweaver-1.9.6.jar;D:\Maven3.6.1\apache-maven-3.6.1\localRepository\jakarta\transaction\jakarta.transaction-api\1.3.3\jakarta.transaction-api-1.3.3.jar;D:\Maven3.6.1\apache-maven-3.6.1\localRepository\jakarta\persistence\jakarta.persistence-api\2.2.3\jakarta.persistence-api-2.2.3.jar;D:\Maven3.6.1\apache-maven-3.6.1\localRepository\org\hibernate\hibernate-core\5.4.32.Final\hibernate-core-5.4.32.Final.jar;D:\Maven3.6.1\apache-maven-3.6.1\localRepository\org\jboss\logging\jboss-logging\3.4.2.Final\jboss-logging-3.4.2.Final.jar;D:\Maven3.6.1\apache-maven-3.6.1\localRepository\org\javassist\javassist\3.27.0-GA\javassist-3.27.0-GA.jar;D:\Maven3.6.1\apache-maven-3.6.1\localRepository\net\bytebuddy\byte-buddy\1.10.22\byte-buddy-1.10.22.jar;D:\Maven3.6.1\apache-maven-3.6.1\localRepository\antlr\antlr\2.7.7\antlr-2.7.7.jar;D:\Maven3.6.1\apache-maven-3.6.1\localRepository\org\jboss\jandex\2.2.3.Final\jandex-2.2.3.Final.jar;D:\Maven3.6.1\apache-maven-3.6.1\localRepository\com\fasterxml\classmate\1.5.1\classmate-1.5.1.jar;D:\Maven3.6.1\apache-maven-3.6.1\localRepository\org\dom4j\dom4j\2.1.3\dom4j-2.1.3.jar;D:\Maven3.6.1\apache-maven-3.6.1\localRepository\org\hibernate\common\hibernate-commons-annotations\5.1.2.Final\hibernate-commons-annotations-5.1.2.Final.jar;D:\Maven3.6.1\apache-maven-3.6.1\localRepository\org\glassfish\jaxb\jaxb-runtime\2.3.4\jaxb-runtime-2.3.4.jar;D:\Maven3.6.1\apache-maven-3.6.1\localRepository\org\glassfish\jaxb\txw2\2.3.4\txw2-2.3.4.jar;D:\Maven3.6.1\apache-maven-3.6.1\localRepository\com\sun\istack\istack-commons-runtime\3.0.12\istack-commons-runtime-3.0.12.jar;D:\Maven3.6.1\apache-maven-3.6.1\localRepository\com\sun\activation\jakarta.activation\1.2.2\jakarta.activation-1.2.2.jar;D:\Maven3.6.1\apache-maven-3.6.1\localRepository\org\springframework\data\spring-data-jpa\2.5.2\spring-data-jpa-2.5.2.jar;D:\Maven3.6.1\apache-maven-3.6.1\localRepository\org\springframework\data\spring-data-commons\2.5.2\spring-data-commons-2.5.2.jar;D:\Maven3.6.1\apache-maven-3.6.1\localRepository\org\springframework\spring-orm\5.3.8\spring-orm-5.3.8.jar;D:\Maven3.6.1\apache-maven-3.6.1\localRepository\org\springframework\spring-aspects\5.3.8\spring-aspects-5.3.8.jar;D:\Maven3.6.1\apache-maven-3.6.1\localRepository\org\projectlombok\lombok\1.18.12\lombok-1.18.12.jar;D:\Maven3.6.1\apache-maven-3.6.1\localRepository\org\slf4j\slf4j-log4j12\2.0.0-alpha0\slf4j-log4j12-2.0.0-alpha0.jar;D:\Maven3.6.1\apache-maven-3.6.1\localRepository\org\slf4j\slf4j-api\1.7.31\slf4j-api-1.7.31.jar;D:\Maven3.6.1\apache-maven-3.6.1\localRepository\log4j\log4j\1.2.17\log4j-1.2.17.jar;D:\Maven3.6.1\apache-maven-3.6.1\localRepository\org\mybatis\spring\boot\mybatis-spring-boot-starter\2.2.0\mybatis-spring-boot-starter-2.2.0.jar;D:\Maven3.6.1\apache-maven-3.6.1\localRepository\org\mybatis\spring\boot\mybatis-spring-boot-autoconfigure\2.2.0\mybatis-spring-boot-autoconfigure-2.2.0.jar;D:\Maven3.6.1\apache-maven-3.6.1\localRepository\org\mybatis\mybatis\3.5.7\mybatis-3.5.7.jar;D:\Maven3.6.1\apache-maven-3.6.1\localRepository\org\mybatis\mybatis-spring\2.0.6\mybatis-spring-2.0.6.jar;D:\Maven3.6.1\apache-maven-3.6.1\localRepository\org\springframework\boot\spring-boot-devtools\2.5.2\spring-boot-devtools-2.5.2.jar;D:\Maven3.6.1\apache-maven-3.6.1\localRepository\org\springframework\boot\spring-boot\2.5.2\spring-boot-2.5.2.jar;D:\Maven3.6.1\apache-maven-3.6.1\localRepository\org\springframework\boot\spring-boot-autoconfigure\2.5.2\spring-boot-autoconfigure-2.5.2.jar;D:\Maven3.6.1\apache-maven-3.6.1\localRepository\mysql\mysql-connector-java\5.1.34\mysql-connector-java-5.1.34.jar;D:\Maven3.6.1\apache-maven-3.6.1\localRepository\org\springframework\boot\spring-boot-starter-test\2.5.2\spring-boot-starter-test-2.5.2.jar;D:\Maven3.6.1\apache-maven-3.6.1\localRepository\org\springframework\boot\spring-boot-test\2.5.2\spring-boot-test-2.5.2.jar;D:\Maven3.6.1\apache-maven-3.6.1\localRepository\org\springframework\boot\spring-boot-test-autoconfigure\2.5.2\spring-boot-test-autoconfigure-2.5.2.jar;D:\Maven3.6.1\apache-maven-3.6.1\localRepository\com\jayway\jsonpath\json-path\2.5.0\json-path-2.5.0.jar;D:\Maven3.6.1\apache-maven-3.6.1\localRepository\net\minidev\json-smart\2.4.7\json-smart-2.4.7.jar;D:\Maven3.6.1\apache-maven-3.6.1\localRepository\net\minidev\accessors-smart\2.4.7\accessors-smart-2.4.7.jar;D:\Maven3.6.1\apache-maven-3.6.1\localRepository\jakarta\xml\bind\jakarta.xml.bind-api\2.3.3\jakarta.xml.bind-api-2.3.3.jar;D:\Maven3.6.1\apache-maven-3.6.1\localRepository\jakarta\activation\jakarta.activation-api\1.2.2\jakarta.activation-api-1.2.2.jar;D:\Maven3.6.1\apache-maven-3.6.1\localRepository\org\assertj\assertj-core\3.19.0\assertj-core-3.19.0.jar;D:\Maven3.6.1\apache-maven-3.6.1\localRepository\org\hamcrest\hamcrest\2.2\hamcrest-2.2.jar;D:\Maven3.6.1\apache-maven-3.6.1\localRepository\org\junit\jupiter\junit-jupiter\5.7.2\junit-jupiter-5.7.2.jar;D:\Maven3.6.1\apache-maven-3.6.1\localRepository\org\junit\jupiter\junit-jupiter-api\5.7.2\junit-jupiter-api-5.7.2.jar;D:\Maven3.6.1\apache-maven-3.6.1\localRepository\org\apiguardian\apiguardian-api\1.1.0\apiguardian-api-1.1.0.jar;D:\Maven3.6.1\apache-maven-3.6.1\localRepository\org\opentest4j\opentest4j\1.2.0\opentest4j-1.2.0.jar;D:\Maven3.6.1\apache-maven-3.6.1\localRepository\org\junit\platform\junit-platform-commons\1.7.2\junit-platform-commons-1.7.2.jar;D:\Maven3.6.1\apache-maven-3.6.1\localRepository\org\junit\jupiter\junit-jupiter-params\5.7.2\junit-jupiter-params-5.7.2.jar;D:\Maven3.6.1\apache-maven-3.6.1\localRepository\org\junit\jupiter\junit-jupiter-engine\5.7.2\junit-jupiter-engine-5.7.2.jar;D:\Maven3.6.1\apache-maven-3.6.1\localRepository\org\junit\platform\junit-platform-engine\1.7.2\junit-platform-engine-1.7.2.jar;D:\Maven3.6.1\apache-maven-3.6.1\localRepository\org\mockito\mockito-core\3.9.0\mockito-core-3.9.0.jar;D:\Maven3.6.1\apache-maven-3.6.1\localRepository\net\bytebuddy\byte-buddy-agent\1.10.22\byte-buddy-agent-1.10.22.jar;D:\Maven3.6.1\apache-maven-3.6.1\localRepository\org\objenesis\objenesis\3.2\objenesis-3.2.jar;D:\Maven3.6.1\apache-maven-3.6.1\localRepository\org\mockito\mockito-junit-jupiter\3.9.0\mockito-junit-jupiter-3.9.0.jar;D:\Maven3.6.1\apache-maven-3.6.1\localRepository\org\skyscreamer\jsonassert\1.5.0\jsonassert-1.5.0.jar;D:\Maven3.6.1\apache-maven-3.6.1\localRepository\com\vaadin\external\google\android-json\0.0.20131108.vaadin1\android-json-0.0.20131108.vaadin1.jar;D:\Maven3.6.1\apache-maven-3.6.1\localRepository\org\springframework\spring-core\5.3.8\spring-core-5.3.8.jar;D:\Maven3.6.1\apache-maven-3.6.1\localRepository\org\springframework\spring-jcl\5.3.8\spring-jcl-5.3.8.jar;D:\Maven3.6.1\apache-maven-3.6.1\localRepository\org\springframework\spring-test\5.3.8\spring-test-5.3.8.jar;D:\Maven3.6.1\apache-maven-3.6.1\localRepository\org\xmlunit\xmlunit-core\2.8.2\xmlunit-core-2.8.2.jar;D:\Maven3.6.1\apache-maven-3.6.1\localRepository\com\alibaba\easyexcel\1.1.2-beat1\easyexcel-1.1.2-beat1.jar;D:\Maven3.6.1\apache-maven-3.6.1\localRepository\org\apache\poi\poi\3.17\poi-3.17.jar;D:\Maven3.6.1\apache-maven-3.6.1\localRepository\commons-codec\commons-codec\1.15\commons-codec-1.15.jar;D:\Maven3.6.1\apache-maven-3.6.1\localRepository\org\apache\commons\commons-collections4\4.1\commons-collections4-4.1.jar;D:\Maven3.6.1\apache-maven-3.6.1\localRepository\org\apache\poi\poi-ooxml\3.17\poi-ooxml-3.17.jar;D:\Maven3.6.1\apache-maven-3.6.1\localRepository\org\apache\poi\poi-ooxml-schemas\3.17\poi-ooxml-schemas-3.17.jar;D:\Maven3.6.1\apache-maven-3.6.1\localRepository\org\apache\xmlbeans\xmlbeans\2.6.0\xmlbeans-2.6.0.jar;D:\Maven3.6.1\apache-maven-3.6.1\localRepository\stax\stax-api\1.0.1\stax-api-1.0.1.jar;D:\Maven3.6.1\apache-maven-3.6.1\localRepository\com\github\virtuald\curvesapi\1.04\curvesapi-1.04.jar;D:\Maven3.6.1\apache-maven-3.6.1\localRepository\cglib\cglib\3.1\cglib-3.1.jar;D:\Maven3.6.1\apache-maven-3.6.1\localRepository\org\ow2\asm\asm\4.2\asm-4.2.jar;D:\Maven3.6.1\apache-maven-3.6.1\localRepository\com\fasterxml\jackson\core\jackson-databind\2.12.3\jackson-databind-2.12.3.jar;D:\Maven3.6.1\apache-maven-3.6.1\localRepository\com\fasterxml\jackson\core\jackson-core\2.12.3\jackson-core-2.12.3.jar;D:\Maven3.6.1\apache-maven-3.6.1\localRepository\com\fasterxml\jackson\core\jackson-annotations\2.12.3\jackson-annotations-2.12.3.jar;"/>
    <property name="java.vm.vendor" value="Oracle Corporation"/>
    <property name="sun.arch.data.model" value="64"/>
    <property name="user.variant" value=""/>
    <property name="java.vendor.url" value="http://java.oracle.com/"/>
    <property name="user.timezone" value="GMT+08:00"/>
    <property name="java.vm.specification.version" value="1.8"/>
    <property name="os.name" value="Windows 10"/>
    <property name="user.country" value="CN"/>
    <property name="sun.java.launcher" value="SUN_STANDARD"/>
    <property name="sun.boot.library.path" value="D:\JDK1.8\jre\bin"/>
    <property name="sun.java.command" value="C:\Users\86151\AppData\Local\Temp\surefire7138157351949883775\surefirebooter9107177252728564708.jar C:\Users\86151\AppData\Local\Temp\surefire7138157351949883775 2022-02-20T15-20-04_800-jvmRun1 surefire489576400159480836tmp surefire_07930266825932428066tmp"/>
    <property name="surefire.test.class.path" value="E:\IdeaFiles\QZiMusic\target\test-classes;E:\IdeaFiles\QZiMusic\target\classes;D:\Maven3.6.1\apache-maven-3.6.1\localRepository\org\springframework\boot\spring-boot-starter-web\2.2.6.RELEASE\spring-boot-starter-web-2.2.6.RELEASE.jar;D:\Maven3.6.1\apache-maven-3.6.1\localRepository\org\springframework\boot\spring-boot-starter\2.5.2\spring-boot-starter-2.5.2.jar;D:\Maven3.6.1\apache-maven-3.6.1\localRepository\org\springframework\boot\spring-boot-starter-logging\2.5.2\spring-boot-starter-logging-2.5.2.jar;D:\Maven3.6.1\apache-maven-3.6.1\localRepository\ch\qos\logback\logback-classic\1.2.3\logback-classic-1.2.3.jar;D:\Maven3.6.1\apache-maven-3.6.1\localRepository\ch\qos\logback\logback-core\1.2.3\logback-core-1.2.3.jar;D:\Maven3.6.1\apache-maven-3.6.1\localRepository\org\apache\logging\log4j\log4j-to-slf4j\2.14.1\log4j-to-slf4j-2.14.1.jar;D:\Maven3.6.1\apache-maven-3.6.1\localRepository\org\apache\logging\log4j\log4j-api\2.14.1\log4j-api-2.14.1.jar;D:\Maven3.6.1\apache-maven-3.6.1\localRepository\org\slf4j\jul-to-slf4j\1.7.31\jul-to-slf4j-1.7.31.jar;D:\Maven3.6.1\apache-maven-3.6.1\localRepository\jakarta\annotation\jakarta.annotation-api\1.3.5\jakarta.annotation-api-1.3.5.jar;D:\Maven3.6.1\apache-maven-3.6.1\localRepository\org\yaml\snakeyaml\1.28\snakeyaml-1.28.jar;D:\Maven3.6.1\apache-maven-3.6.1\localRepository\org\springframework\boot\spring-boot-starter-json\2.5.2\spring-boot-starter-json-2.5.2.jar;D:\Maven3.6.1\apache-maven-3.6.1\localRepository\com\fasterxml\jackson\datatype\jackson-datatype-jdk8\2.12.3\jackson-datatype-jdk8-2.12.3.jar;D:\Maven3.6.1\apache-maven-3.6.1\localRepository\com\fasterxml\jackson\datatype\jackson-datatype-jsr310\2.12.3\jackson-datatype-jsr310-2.12.3.jar;D:\Maven3.6.1\apache-maven-3.6.1\localRepository\com\fasterxml\jackson\module\jackson-module-parameter-names\2.12.3\jackson-module-parameter-names-2.12.3.jar;D:\Maven3.6.1\apache-maven-3.6.1\localRepository\org\springframework\boot\spring-boot-starter-tomcat\2.5.2\spring-boot-starter-tomcat-2.5.2.jar;D:\Maven3.6.1\apache-maven-3.6.1\localRepository\org\apache\tomcat\embed\tomcat-embed-core\9.0.48\tomcat-embed-core-9.0.48.jar;D:\Maven3.6.1\apache-maven-3.6.1\localRepository\org\apache\tomcat\embed\tomcat-embed-el\9.0.48\tomcat-embed-el-9.0.48.jar;D:\Maven3.6.1\apache-maven-3.6.1\localRepository\org\apache\tomcat\embed\tomcat-embed-websocket\9.0.48\tomcat-embed-websocket-9.0.48.jar;D:\Maven3.6.1\apache-maven-3.6.1\localRepository\org\springframework\boot\spring-boot-starter-validation\2.5.2\spring-boot-starter-validation-2.5.2.jar;D:\Maven3.6.1\apache-maven-3.6.1\localRepository\org\hibernate\validator\hibernate-validator\6.2.0.Final\hibernate-validator-6.2.0.Final.jar;D:\Maven3.6.1\apache-maven-3.6.1\localRepository\jakarta\validation\jakarta.validation-api\2.0.2\jakarta.validation-api-2.0.2.jar;D:\Maven3.6.1\apache-maven-3.6.1\localRepository\org\springframework\spring-web\5.3.8\spring-web-5.3.8.jar;D:\Maven3.6.1\apache-maven-3.6.1\localRepository\org\springframework\spring-beans\5.3.8\spring-beans-5.3.8.jar;D:\Maven3.6.1\apache-maven-3.6.1\localRepository\org\springframework\spring-webmvc\5.3.8\spring-webmvc-5.3.8.jar;D:\Maven3.6.1\apache-maven-3.6.1\localRepository\org\springframework\spring-aop\5.3.8\spring-aop-5.3.8.jar;D:\Maven3.6.1\apache-maven-3.6.1\localRepository\org\springframework\spring-context\5.3.8\spring-context-5.3.8.jar;D:\Maven3.6.1\apache-maven-3.6.1\localRepository\org\springframework\spring-expression\5.3.8\spring-expression-5.3.8.jar;D:\Maven3.6.1\apache-maven-3.6.1\localRepository\com\alibaba\druid\1.1.10\druid-1.1.10.jar;D:\Maven3.6.1\apache-maven-3.6.1\localRepository\org\springframework\boot\spring-boot-starter-jdbc\2.2.6.RELEASE\spring-boot-starter-jdbc-2.2.6.RELEASE.jar;D:\Maven3.6.1\apache-maven-3.6.1\localRepository\com\zaxxer\HikariCP\4.0.3\HikariCP-4.0.3.jar;D:\Maven3.6.1\apache-maven-3.6.1\localRepository\org\springframework\spring-jdbc\5.3.8\spring-jdbc-5.3.8.jar;D:\Maven3.6.1\apache-maven-3.6.1\localRepository\org\springframework\spring-tx\5.3.8\spring-tx-5.3.8.jar;D:\Maven3.6.1\apache-maven-3.6.1\localRepository\org\apache\commons\commons-lang3\3.5\commons-lang3-3.5.jar;D:\Maven3.6.1\apache-maven-3.6.1\localRepository\com\alibaba\fastjson\1.2.47\fastjson-1.2.47.jar;D:\Maven3.6.1\apache-maven-3.6.1\localRepository\org\springframework\boot\spring-boot-starter-data-jpa\2.5.2\spring-boot-starter-data-jpa-2.5.2.jar;D:\Maven3.6.1\apache-maven-3.6.1\localRepository\org\springframework\boot\spring-boot-starter-aop\2.5.2\spring-boot-starter-aop-2.5.2.jar;D:\Maven3.6.1\apache-maven-3.6.1\localRepository\org\aspectj\aspectjweaver\1.9.6\aspectjweaver-1.9.6.jar;D:\Maven3.6.1\apache-maven-3.6.1\localRepository\jakarta\transaction\jakarta.transaction-api\1.3.3\jakarta.transaction-api-1.3.3.jar;D:\Maven3.6.1\apache-maven-3.6.1\localRepository\jakarta\persistence\jakarta.persistence-api\2.2.3\jakarta.persistence-api-2.2.3.jar;D:\Maven3.6.1\apache-maven-3.6.1\localRepository\org\hibernate\hibernate-core\5.4.32.Final\hibernate-core-5.4.32.Final.jar;D:\Maven3.6.1\apache-maven-3.6.1\localRepository\org\jboss\logging\jboss-logging\3.4.2.Final\jboss-logging-3.4.2.Final.jar;D:\Maven3.6.1\apache-maven-3.6.1\localRepository\org\javassist\javassist\3.27.0-GA\javassist-3.27.0-GA.jar;D:\Maven3.6.1\apache-maven-3.6.1\localRepository\net\bytebuddy\byte-buddy\1.10.22\byte-buddy-1.10.22.jar;D:\Maven3.6.1\apache-maven-3.6.1\localRepository\antlr\antlr\2.7.7\antlr-2.7.7.jar;D:\Maven3.6.1\apache-maven-3.6.1\localRepository\org\jboss\jandex\2.2.3.Final\jandex-2.2.3.Final.jar;D:\Maven3.6.1\apache-maven-3.6.1\localRepository\com\fasterxml\classmate\1.5.1\classmate-1.5.1.jar;D:\Maven3.6.1\apache-maven-3.6.1\localRepository\org\dom4j\dom4j\2.1.3\dom4j-2.1.3.jar;D:\Maven3.6.1\apache-maven-3.6.1\localRepository\org\hibernate\common\hibernate-commons-annotations\5.1.2.Final\hibernate-commons-annotations-5.1.2.Final.jar;D:\Maven3.6.1\apache-maven-3.6.1\localRepository\org\glassfish\jaxb\jaxb-runtime\2.3.4\jaxb-runtime-2.3.4.jar;D:\Maven3.6.1\apache-maven-3.6.1\localRepository\org\glassfish\jaxb\txw2\2.3.4\txw2-2.3.4.jar;D:\Maven3.6.1\apache-maven-3.6.1\localRepository\com\sun\istack\istack-commons-runtime\3.0.12\istack-commons-runtime-3.0.12.jar;D:\Maven3.6.1\apache-maven-3.6.1\localRepository\com\sun\activation\jakarta.activation\1.2.2\jakarta.activation-1.2.2.jar;D:\Maven3.6.1\apache-maven-3.6.1\localRepository\org\springframework\data\spring-data-jpa\2.5.2\spring-data-jpa-2.5.2.jar;D:\Maven3.6.1\apache-maven-3.6.1\localRepository\org\springframework\data\spring-data-commons\2.5.2\spring-data-commons-2.5.2.jar;D:\Maven3.6.1\apache-maven-3.6.1\localRepository\org\springframework\spring-orm\5.3.8\spring-orm-5.3.8.jar;D:\Maven3.6.1\apache-maven-3.6.1\localRepository\org\springframework\spring-aspects\5.3.8\spring-aspects-5.3.8.jar;D:\Maven3.6.1\apache-maven-3.6.1\localRepository\org\projectlombok\lombok\1.18.12\lombok-1.18.12.jar;D:\Maven3.6.1\apache-maven-3.6.1\localRepository\org\slf4j\slf4j-log4j12\2.0.0-alpha0\slf4j-log4j12-2.0.0-alpha0.jar;D:\Maven3.6.1\apache-maven-3.6.1\localRepository\org\slf4j\slf4j-api\1.7.31\slf4j-api-1.7.31.jar;D:\Maven3.6.1\apache-maven-3.6.1\localRepository\log4j\log4j\1.2.17\log4j-1.2.17.jar;D:\Maven3.6.1\apache-maven-3.6.1\localRepository\org\mybatis\spring\boot\mybatis-spring-boot-starter\2.2.0\mybatis-spring-boot-starter-2.2.0.jar;D:\Maven3.6.1\apache-maven-3.6.1\localRepository\org\mybatis\spring\boot\mybatis-spring-boot-autoconfigure\2.2.0\mybatis-spring-boot-autoconfigure-2.2.0.jar;D:\Maven3.6.1\apache-maven-3.6.1\localRepository\org\mybatis\mybatis\3.5.7\mybatis-3.5.7.jar;D:\Maven3.6.1\apache-maven-3.6.1\localRepository\org\mybatis\mybatis-spring\2.0.6\mybatis-spring-2.0.6.jar;D:\Maven3.6.1\apache-maven-3.6.1\localRepository\org\springframework\boot\spring-boot-devtools\2.5.2\spring-boot-devtools-2.5.2.jar;D:\Maven3.6.1\apache-maven-3.6.1\localRepository\org\springframework\boot\spring-boot\2.5.2\spring-boot-2.5.2.jar;D:\Maven3.6.1\apache-maven-3.6.1\localRepository\org\springframework\boot\spring-boot-autoconfigure\2.5.2\spring-boot-autoconfigure-2.5.2.jar;D:\Maven3.6.1\apache-maven-3.6.1\localRepository\mysql\mysql-connector-java\5.1.34\mysql-connector-java-5.1.34.jar;D:\Maven3.6.1\apache-maven-3.6.1\localRepository\org\springframework\boot\spring-boot-starter-test\2.5.2\spring-boot-starter-test-2.5.2.jar;D:\Maven3.6.1\apache-maven-3.6.1\localRepository\org\springframework\boot\spring-boot-test\2.5.2\spring-boot-test-2.5.2.jar;D:\Maven3.6.1\apache-maven-3.6.1\localRepository\org\springframework\boot\spring-boot-test-autoconfigure\2.5.2\spring-boot-test-autoconfigure-2.5.2.jar;D:\Maven3.6.1\apache-maven-3.6.1\localRepository\com\jayway\jsonpath\json-path\2.5.0\json-path-2.5.0.jar;D:\Maven3.6.1\apache-maven-3.6.1\localRepository\net\minidev\json-smart\2.4.7\json-smart-2.4.7.jar;D:\Maven3.6.1\apache-maven-3.6.1\localRepository\net\minidev\accessors-smart\2.4.7\accessors-smart-2.4.7.jar;D:\Maven3.6.1\apache-maven-3.6.1\localRepository\jakarta\xml\bind\jakarta.xml.bind-api\2.3.3\jakarta.xml.bind-api-2.3.3.jar;D:\Maven3.6.1\apache-maven-3.6.1\localRepository\jakarta\activation\jakarta.activation-api\1.2.2\jakarta.activation-api-1.2.2.jar;D:\Maven3.6.1\apache-maven-3.6.1\localRepository\org\assertj\assertj-core\3.19.0\assertj-core-3.19.0.jar;D:\Maven3.6.1\apache-maven-3.6.1\localRepository\org\hamcrest\hamcrest\2.2\hamcrest-2.2.jar;D:\Maven3.6.1\apache-maven-3.6.1\localRepository\org\junit\jupiter\junit-jupiter\5.7.2\junit-jupiter-5.7.2.jar;D:\Maven3.6.1\apache-maven-3.6.1\localRepository\org\junit\jupiter\junit-jupiter-api\5.7.2\junit-jupiter-api-5.7.2.jar;D:\Maven3.6.1\apache-maven-3.6.1\localRepository\org\apiguardian\apiguardian-api\1.1.0\apiguardian-api-1.1.0.jar;D:\Maven3.6.1\apache-maven-3.6.1\localRepository\org\opentest4j\opentest4j\1.2.0\opentest4j-1.2.0.jar;D:\Maven3.6.1\apache-maven-3.6.1\localRepository\org\junit\platform\junit-platform-commons\1.7.2\junit-platform-commons-1.7.2.jar;D:\Maven3.6.1\apache-maven-3.6.1\localRepository\org\junit\jupiter\junit-jupiter-params\5.7.2\junit-jupiter-params-5.7.2.jar;D:\Maven3.6.1\apache-maven-3.6.1\localRepository\org\junit\jupiter\junit-jupiter-engine\5.7.2\junit-jupiter-engine-5.7.2.jar;D:\Maven3.6.1\apache-maven-3.6.1\localRepository\org\junit\platform\junit-platform-engine\1.7.2\junit-platform-engine-1.7.2.jar;D:\Maven3.6.1\apache-maven-3.6.1\localRepository\org\mockito\mockito-core\3.9.0\mockito-core-3.9.0.jar;D:\Maven3.6.1\apache-maven-3.6.1\localRepository\net\bytebuddy\byte-buddy-agent\1.10.22\byte-buddy-agent-1.10.22.jar;D:\Maven3.6.1\apache-maven-3.6.1\localRepository\org\objenesis\objenesis\3.2\objenesis-3.2.jar;D:\Maven3.6.1\apache-maven-3.6.1\localRepository\org\mockito\mockito-junit-jupiter\3.9.0\mockito-junit-jupiter-3.9.0.jar;D:\Maven3.6.1\apache-maven-3.6.1\localRepository\org\skyscreamer\jsonassert\1.5.0\jsonassert-1.5.0.jar;D:\Maven3.6.1\apache-maven-3.6.1\localRepository\com\vaadin\external\google\android-json\0.0.20131108.vaadin1\android-json-0.0.20131108.vaadin1.jar;D:\Maven3.6.1\apache-maven-3.6.1\localRepository\org\springframework\spring-core\5.3.8\spring-core-5.3.8.jar;D:\Maven3.6.1\apache-maven-3.6.1\localRepository\org\springframework\spring-jcl\5.3.8\spring-jcl-5.3.8.jar;D:\Maven3.6.1\apache-maven-3.6.1\localRepository\org\springframework\spring-test\5.3.8\spring-test-5.3.8.jar;D:\Maven3.6.1\apache-maven-3.6.1\localRepository\org\xmlunit\xmlunit-core\2.8.2\xmlunit-core-2.8.2.jar;D:\Maven3.6.1\apache-maven-3.6.1\localRepository\com\alibaba\easyexcel\1.1.2-beat1\easyexcel-1.1.2-beat1.jar;D:\Maven3.6.1\apache-maven-3.6.1\localRepository\org\apache\poi\poi\3.17\poi-3.17.jar;D:\Maven3.6.1\apache-maven-3.6.1\localRepository\commons-codec\commons-codec\1.15\commons-codec-1.15.jar;D:\Maven3.6.1\apache-maven-3.6.1\localRepository\org\apache\commons\commons-collections4\4.1\commons-collections4-4.1.jar;D:\Maven3.6.1\apache-maven-3.6.1\localRepository\org\apache\poi\poi-ooxml\3.17\poi-ooxml-3.17.jar;D:\Maven3.6.1\apache-maven-3.6.1\localRepository\org\apache\poi\poi-ooxml-schemas\3.17\poi-ooxml-schemas-3.17.jar;D:\Maven3.6.1\apache-maven-3.6.1\localRepository\org\apache\xmlbeans\xmlbeans\2.6.0\xmlbeans-2.6.0.jar;D:\Maven3.6.1\apache-maven-3.6.1\localRepository\stax\stax-api\1.0.1\stax-api-1.0.1.jar;D:\Maven3.6.1\apache-maven-3.6.1\localRepository\com\github\virtuald\curvesapi\1.04\curvesapi-1.04.jar;D:\Maven3.6.1\apache-maven-3.6.1\localRepository\cglib\cglib\3.1\cglib-3.1.jar;D:\Maven3.6.1\apache-maven-3.6.1\localRepository\org\ow2\asm\asm\4.2\asm-4.2.jar;D:\Maven3.6.1\apache-maven-3.6.1\localRepository\com\fasterxml\jackson\core\jackson-databind\2.12.3\jackson-databind-2.12.3.jar;D:\Maven3.6.1\apache-maven-3.6.1\localRepository\com\fasterxml\jackson\core\jackson-core\2.12.3\jackson-core-2.12.3.jar;D:\Maven3.6.1\apache-maven-3.6.1\localRepository\com\fasterxml\jackson\core\jackson-annotations\2.12.3\jackson-annotations-2.12.3.jar;"/>
    <property name="sun.cpu.endian" value="little"/>
    <property name="user.home" value="C:\Users\86151"/>
    <property name="user.language" value="zh"/>
    <property name="java.specification.vendor" value="Oracle Corporation"/>
    <property name="java.home" value="D:\JDK1.8\jre"/>
    <property name="basedir" value="E:\IdeaFiles\QZiMusic"/>
    <property name="file.separator" value="\"/>
    <property name="line.separator" value="&#10;"/>
    <property name="java.vm.specification.vendor" value="Oracle Corporation"/>
    <property name="java.specification.name" value="Java Platform API Specification"/>
    <property name="java.awt.graphicsenv" value="sun.awt.Win32GraphicsEnvironment"/>
    <property name="surefire.real.class.path" value="C:\Users\86151\AppData\Local\Temp\surefire7138157351949883775\surefirebooter9107177252728564708.jar"/>
    <property name="sun.boot.class.path" value="D:\JDK1.8\jre\lib\resources.jar;D:\JDK1.8\jre\lib\rt.jar;D:\JDK1.8\jre\lib\sunrsasign.jar;D:\JDK1.8\jre\lib\jsse.jar;D:\JDK1.8\jre\lib\jce.jar;D:\JDK1.8\jre\lib\charsets.jar;D:\JDK1.8\jre\lib\jfr.jar;D:\JDK1.8\jre\classes"/>
    <property name="user.script" value=""/>
    <property name="sun.management.compiler" value="HotSpot 64-Bit Tiered Compilers"/>
    <property name="java.runtime.version" value="1.8.0_161-b12"/>
    <property name="user.name" value="86151"/>
    <property name="path.separator" value=";"/>
    <property name="os.version" value="10.0"/>
    <property name="java.endorsed.dirs" value="D:\JDK1.8\jre\lib\endorsed"/>
    <property name="java.runtime.name" value="Java(TM) SE Runtime Environment"/>
    <property name="file.encoding" value="GBK"/>
    <property name="java.vm.name" value="Java HotSpot(TM) 64-Bit Server VM"/>
    <property name="localRepository" value="D:\Maven3.6.1\apache-maven-3.6.1\localRepository"/>
    <property name="java.vendor.url.bug" value="http://bugreport.sun.com/bugreport/"/>
    <property name="java.io.tmpdir" value="C:\Users\86151\AppData\Local\Temp\"/>
    <property name="java.version" value="1.8.0_161"/>
    <property name="user.dir" value="E:\IdeaFiles\QZiMusic"/>
    <property name="os.arch" value="amd64"/>
    <property name="java.vm.specification.name" value="Java Virtual Machine Specification"/>
    <property name="java.awt.printerjob" value="sun.awt.windows.WPrinterJob"/>
    <property name="sun.os.patch.level" value=""/>
    <property name="java.library.path" value="D:\JDK1.8\jre\bin;C:\windows\Sun\Java\bin;C:\windows\system32;C:\windows;%;AVA_HOME%\bin;D:\JDK1.8\jre\bin;D:\Maven3.6.1\apache-maven-3.6.1\bin;C:\ProgramData\Oracle\Java\javapath;C:\windows\system32;C:\windows;C:\windows\System32\Wbem;C:\windows\System32\WindowsPowerShell\v1.0\;C:\windows\System32\OpenSSH\;C:\Program Files (x86)\NVIDIA Corporation\PhysX\Common;C:\Program Files\NVIDIA Corporation\NVIDIA NvDLISR;D:\NodeJs\;D:\Git\Git\cmd;C:\Users\86151\AppData\Local\Microsoft\WindowsApps;;D:\VSCodeFile\Microsoft VS Code\bin;C:\Users\86151\AppData\Roaming\npm;."/>
    <property name="java.vm.info" value="mixed mode"/>
    <property name="java.vendor" value="Oracle Corporation"/>
    <property name="java.vm.version" value="25.161-b12"/>
    <property name="idea.version2019.3" value="true"/>
    <property name="java.ext.dirs" value="D:\JDK1.8\jre\lib\ext;C:\windows\Sun\Java\lib\ext"/>
    <property name="sun.io.unicode.encoding" value="UnicodeLittle"/>
    <property name="maven.repo.local" value="D:\Maven3.6.1\apache-maven-3.6.1\localRepository"/>
    <property name="java.class.version" value="52.0"/>
  </properties>
  <testcase name="contextLoads" classname="com.zhangd.music.MusicApplicationTests" time="0.074"/>
</testsuite>